<?xml version="1.0" encoding="UTF-8"?>
<testng-results ignored="0" total="27" passed="27" failed="0" skipped="0">
  <reporter-output>
  </reporter-output>
  <suite started-at="2025-05-13T03:11:51 IST" name="Default suite" finished-at="2025-05-13T03:14:23 IST" duration-ms="152179">
    <groups>
      <group name="cucumber">
        <method signature="AbstractTestNGCucumberTests.runScenario(io.cucumber.testng.PickleWrapper,io.cucumber.testng.FeatureWrapper)[pri:0, instance:runner.CucumberRunner@67c27493]" name="runScenario" class="io.cucumber.testng.AbstractTestNGCucumberTests"/>
      </group> <!-- cucumber -->
    </groups>
    <test started-at="2025-05-13T03:11:51 IST" name="Default test" finished-at="2025-05-13T03:14:23 IST" duration-ms="152179">
      <class name="runner.CucumberRunner">
        <test-method is-config="true" signature="setUpClass()[pri:0, instance:runner.CucumberRunner@67c27493]" started-at="2025-05-13T03:11:51 IST" name="setUpClass" finished-at="2025-05-13T03:11:52 IST" duration-ms="405" status="PASS">
          <reporter-output>
          </reporter-output>
        </test-method> <!-- setUpClass -->
        <test-method signature="runScenario(io.cucumber.testng.PickleWrapper,io.cucumber.testng.FeatureWrapper)[pri:0, instance:runner.CucumberRunner@67c27493]" started-at="2025-05-13T03:11:52 IST" name="runScenario" description="Runs Cucumber Scenarios" data-provider="scenarios" finished-at="2025-05-13T03:12:00 IST" duration-ms="7995" status="PASS">
          <params>
            <param index="0">
              <value>
                <![CDATA["There should be a "departure" field on a search form"]]>
              </value>
            </param>
            <param index="1">
              <value>
                <![CDATA["Optional[Basic Search Flow]"]]>
              </value>
            </param>
          </params>
          <reporter-output>
          </reporter-output>
        </test-method> <!-- runScenario -->
        <test-method signature="runScenario(io.cucumber.testng.PickleWrapper,io.cucumber.testng.FeatureWrapper)[pri:0, instance:runner.CucumberRunner@67c27493]" started-at="2025-05-13T03:12:00 IST" name="runScenario" description="Runs Cucumber Scenarios" data-provider="scenarios" finished-at="2025-05-13T03:12:03 IST" duration-ms="3160" status="PASS">
          <params>
            <param index="0">
              <value>
                <![CDATA["There should be a "return" field on a search form"]]>
              </value>
            </param>
            <param index="1">
              <value>
                <![CDATA["Optional[Basic Search Flow]"]]>
              </value>
            </param>
          </params>
          <reporter-output>
          </reporter-output>
        </test-method> <!-- runScenario -->
        <test-method signature="runScenario(io.cucumber.testng.PickleWrapper,io.cucumber.testng.FeatureWrapper)[pri:0, instance:runner.CucumberRunner@67c27493]" started-at="2025-05-13T03:12:03 IST" name="runScenario" description="Runs Cucumber Scenarios" data-provider="scenarios" finished-at="2025-05-13T03:12:08 IST" duration-ms="5515" status="PASS">
          <params>
            <param index="0">
              <value>
                <![CDATA["Check success message for available seats"]]>
              </value>
            </param>
            <param index="1">
              <value>
                <![CDATA["Optional[Basic Search Flow]"]]>
              </value>
            </param>
          </params>
          <reporter-output>
          </reporter-output>
        </test-method> <!-- runScenario -->
        <test-method signature="runScenario(io.cucumber.testng.PickleWrapper,io.cucumber.testng.FeatureWrapper)[pri:0, instance:runner.CucumberRunner@67c27493]" started-at="2025-05-13T03:12:08 IST" name="runScenario" description="Runs Cucumber Scenarios" data-provider="scenarios" finished-at="2025-05-13T03:12:13 IST" duration-ms="4882" status="PASS">
          <params>
            <param index="0">
              <value>
                <![CDATA["Check message for no available seats"]]>
              </value>
            </param>
            <param index="1">
              <value>
                <![CDATA["Optional[Basic Search Flow]"]]>
              </value>
            </param>
          </params>
          <reporter-output>
          </reporter-output>
        </test-method> <!-- runScenario -->
        <test-method signature="runScenario(io.cucumber.testng.PickleWrapper,io.cucumber.testng.FeatureWrapper)[pri:0, instance:runner.CucumberRunner@67c27493]" started-at="2025-05-13T03:12:13 IST" name="runScenario" description="Runs Cucumber Scenarios" data-provider="scenarios" finished-at="2025-05-13T03:12:18 IST" duration-ms="5238" status="PASS">
          <params>
            <param index="0">
              <value>
                <![CDATA["return can not be less than 1 year from the departure date"]]>
              </value>
            </param>
            <param index="1">
              <value>
                <![CDATA["Optional[Invalid Return Dates]"]]>
              </value>
            </param>
          </params>
          <reporter-output>
          </reporter-output>
        </test-method> <!-- runScenario -->
        <test-method signature="runScenario(io.cucumber.testng.PickleWrapper,io.cucumber.testng.FeatureWrapper)[pri:0, instance:runner.CucumberRunner@67c27493]" started-at="2025-05-13T03:12:18 IST" name="runScenario" description="Runs Cucumber Scenarios" data-provider="scenarios" finished-at="2025-05-13T03:12:25 IST" duration-ms="6285" status="PASS">
          <params>
            <param index="0">
              <value>
                <![CDATA["return can not be less than 1 year from the departure date"]]>
              </value>
            </param>
            <param index="1">
              <value>
                <![CDATA["Optional[Invalid Return Dates]"]]>
              </value>
            </param>
          </params>
          <reporter-output>
          </reporter-output>
        </test-method> <!-- runScenario -->
        <test-method signature="runScenario(io.cucumber.testng.PickleWrapper,io.cucumber.testng.FeatureWrapper)[pri:0, instance:runner.CucumberRunner@67c27493]" started-at="2025-05-13T03:12:25 IST" name="runScenario" description="Runs Cucumber Scenarios" data-provider="scenarios" finished-at="2025-05-13T03:12:30 IST" duration-ms="5783" status="PASS">
          <params>
            <param index="0">
              <value>
                <![CDATA["return can not be less than 1 year from the departure date"]]>
              </value>
            </param>
            <param index="1">
              <value>
                <![CDATA["Optional[Invalid Return Dates]"]]>
              </value>
            </param>
          </params>
          <reporter-output>
          </reporter-output>
        </test-method> <!-- runScenario -->
        <test-method signature="runScenario(io.cucumber.testng.PickleWrapper,io.cucumber.testng.FeatureWrapper)[pri:0, instance:runner.CucumberRunner@67c27493]" started-at="2025-05-13T03:12:30 IST" name="runScenario" description="Runs Cucumber Scenarios" data-provider="scenarios" finished-at="2025-05-13T03:12:36 IST" duration-ms="5418" status="PASS">
          <params>
            <param index="0">
              <value>
                <![CDATA["return can not be less than 1 year from the departure date"]]>
              </value>
            </param>
            <param index="1">
              <value>
                <![CDATA["Optional[Invalid Return Dates]"]]>
              </value>
            </param>
          </params>
          <reporter-output>
          </reporter-output>
        </test-method> <!-- runScenario -->
        <test-method signature="runScenario(io.cucumber.testng.PickleWrapper,io.cucumber.testng.FeatureWrapper)[pri:0, instance:runner.CucumberRunner@67c27493]" started-at="2025-05-13T03:12:36 IST" name="runScenario" description="Runs Cucumber Scenarios" data-provider="scenarios" finished-at="2025-05-13T03:12:41 IST" duration-ms="5519" status="PASS">
          <params>
            <param index="0">
              <value>
                <![CDATA["return can not be less than 1 year from the departure date"]]>
              </value>
            </param>
            <param index="1">
              <value>
                <![CDATA["Optional[Invalid Return Dates]"]]>
              </value>
            </param>
          </params>
          <reporter-output>
          </reporter-output>
        </test-method> <!-- runScenario -->
        <test-method signature="runScenario(io.cucumber.testng.PickleWrapper,io.cucumber.testng.FeatureWrapper)[pri:0, instance:runner.CucumberRunner@67c27493]" started-at="2025-05-13T03:12:41 IST" name="runScenario" description="Runs Cucumber Scenarios" data-provider="scenarios" finished-at="2025-05-13T03:12:47 IST" duration-ms="5836" status="PASS">
          <params>
            <param index="0">
              <value>
                <![CDATA["return can not be less than 1 year from the departure date"]]>
              </value>
            </param>
            <param index="1">
              <value>
                <![CDATA["Optional[Invalid Return Dates]"]]>
              </value>
            </param>
          </params>
          <reporter-output>
          </reporter-output>
        </test-method> <!-- runScenario -->
        <test-method signature="runScenario(io.cucumber.testng.PickleWrapper,io.cucumber.testng.FeatureWrapper)[pri:0, instance:runner.CucumberRunner@67c27493]" started-at="2025-05-13T03:12:47 IST" name="runScenario" description="Runs Cucumber Scenarios" data-provider="scenarios" finished-at="2025-05-13T03:12:53 IST" duration-ms="5483" status="PASS">
          <params>
            <param index="0">
              <value>
                <![CDATA["return can not be less than 1 year from the departure date"]]>
              </value>
            </param>
            <param index="1">
              <value>
                <![CDATA["Optional[Invalid Return Dates]"]]>
              </value>
            </param>
          </params>
          <reporter-output>
          </reporter-output>
        </test-method> <!-- runScenario -->
        <test-method signature="runScenario(io.cucumber.testng.PickleWrapper,io.cucumber.testng.FeatureWrapper)[pri:0, instance:runner.CucumberRunner@67c27493]" started-at="2025-05-13T03:12:53 IST" name="runScenario" description="Runs Cucumber Scenarios" data-provider="scenarios" finished-at="2025-05-13T03:12:57 IST" duration-ms="4402" status="PASS">
          <params>
            <param index="0">
              <value>
                <![CDATA["return can not be less than 1 year from the departure date"]]>
              </value>
            </param>
            <param index="1">
              <value>
                <![CDATA["Optional[Invalid Return Dates]"]]>
              </value>
            </param>
          </params>
          <reporter-output>
          </reporter-output>
        </test-method> <!-- runScenario -->
        <test-method signature="runScenario(io.cucumber.testng.PickleWrapper,io.cucumber.testng.FeatureWrapper)[pri:0, instance:runner.CucumberRunner@67c27493]" started-at="2025-05-13T03:12:57 IST" name="runScenario" description="Runs Cucumber Scenarios" data-provider="scenarios" finished-at="2025-05-13T03:13:03 IST" duration-ms="5930" status="PASS">
          <params>
            <param index="0">
              <value>
                <![CDATA["return can not be less than 1 year from the departure date"]]>
              </value>
            </param>
            <param index="1">
              <value>
                <![CDATA["Optional[Invalid Return Dates]"]]>
              </value>
            </param>
          </params>
          <reporter-output>
          </reporter-output>
        </test-method> <!-- runScenario -->
        <test-method signature="runScenario(io.cucumber.testng.PickleWrapper,io.cucumber.testng.FeatureWrapper)[pri:0, instance:runner.CucumberRunner@67c27493]" started-at="2025-05-13T03:13:03 IST" name="runScenario" description="Runs Cucumber Scenarios" data-provider="scenarios" finished-at="2025-05-13T03:13:08 IST" duration-ms="5427" status="PASS">
          <params>
            <param index="0">
              <value>
                <![CDATA["return can not be less than 1 year from the departure date"]]>
              </value>
            </param>
            <param index="1">
              <value>
                <![CDATA["Optional[Invalid Return Dates]"]]>
              </value>
            </param>
          </params>
          <reporter-output>
          </reporter-output>
        </test-method> <!-- runScenario -->
        <test-method signature="runScenario(io.cucumber.testng.PickleWrapper,io.cucumber.testng.FeatureWrapper)[pri:0, instance:runner.CucumberRunner@67c27493]" started-at="2025-05-13T03:13:08 IST" name="runScenario" description="Runs Cucumber Scenarios" data-provider="scenarios" finished-at="2025-05-13T03:13:13 IST" duration-ms="4891" status="PASS">
          <params>
            <param index="0">
              <value>
                <![CDATA["return can not be less than 1 year from the departure date"]]>
              </value>
            </param>
            <param index="1">
              <value>
                <![CDATA["Optional[Invalid Return Dates]"]]>
              </value>
            </param>
          </params>
          <reporter-output>
          </reporter-output>
        </test-method> <!-- runScenario -->
        <test-method signature="runScenario(io.cucumber.testng.PickleWrapper,io.cucumber.testng.FeatureWrapper)[pri:0, instance:runner.CucumberRunner@67c27493]" started-at="2025-05-13T03:13:13 IST" name="runScenario" description="Runs Cucumber Scenarios" data-provider="scenarios" finished-at="2025-05-13T03:13:19 IST" duration-ms="5390" status="PASS">
          <params>
            <param index="0">
              <value>
                <![CDATA["User is in the main page so clicking the MarsAir logo on the top left should refresh the page"]]>
              </value>
            </param>
            <param index="1">
              <value>
                <![CDATA["Optional[Link to Home Page]"]]>
              </value>
            </param>
          </params>
          <reporter-output>
          </reporter-output>
        </test-method> <!-- runScenario -->
        <test-method signature="runScenario(io.cucumber.testng.PickleWrapper,io.cucumber.testng.FeatureWrapper)[pri:0, instance:runner.CucumberRunner@67c27493]" started-at="2025-05-13T03:13:19 IST" name="runScenario" description="Runs Cucumber Scenarios" data-provider="scenarios" finished-at="2025-05-13T03:13:24 IST" duration-ms="5530" status="PASS">
          <params>
            <param index="0">
              <value>
                <![CDATA["User is in the results page so clicking the MarsAir logo on the top left should go to the home page"]]>
              </value>
            </param>
            <param index="1">
              <value>
                <![CDATA["Optional[Link to Home Page]"]]>
              </value>
            </param>
          </params>
          <reporter-output>
          </reporter-output>
        </test-method> <!-- runScenario -->
        <test-method signature="runScenario(io.cucumber.testng.PickleWrapper,io.cucumber.testng.FeatureWrapper)[pri:0, instance:runner.CucumberRunner@67c27493]" started-at="2025-05-13T03:13:24 IST" name="runScenario" description="Runs Cucumber Scenarios" data-provider="scenarios" finished-at="2025-05-13T03:13:30 IST" duration-ms="5768" status="PASS">
          <params>
            <param index="0">
              <value>
                <![CDATA["User uses a valid code"]]>
              </value>
            </param>
            <param index="1">
              <value>
                <![CDATA["Optional[Promotional Codes]"]]>
              </value>
            </param>
          </params>
          <reporter-output>
          </reporter-output>
        </test-method> <!-- runScenario -->
        <test-method signature="runScenario(io.cucumber.testng.PickleWrapper,io.cucumber.testng.FeatureWrapper)[pri:0, instance:runner.CucumberRunner@67c27493]" started-at="2025-05-13T03:13:30 IST" name="runScenario" description="Runs Cucumber Scenarios" data-provider="scenarios" finished-at="2025-05-13T03:13:37 IST" duration-ms="6784" status="PASS">
          <params>
            <param index="0">
              <value>
                <![CDATA["User uses a valid code"]]>
              </value>
            </param>
            <param index="1">
              <value>
                <![CDATA["Optional[Promotional Codes]"]]>
              </value>
            </param>
          </params>
          <reporter-output>
          </reporter-output>
        </test-method> <!-- runScenario -->
        <test-method signature="runScenario(io.cucumber.testng.PickleWrapper,io.cucumber.testng.FeatureWrapper)[pri:0, instance:runner.CucumberRunner@67c27493]" started-at="2025-05-13T03:13:37 IST" name="runScenario" description="Runs Cucumber Scenarios" data-provider="scenarios" finished-at="2025-05-13T03:13:42 IST" duration-ms="5550" status="PASS">
          <params>
            <param index="0">
              <value>
                <![CDATA["User uses a valid code"]]>
              </value>
            </param>
            <param index="1">
              <value>
                <![CDATA["Optional[Promotional Codes]"]]>
              </value>
            </param>
          </params>
          <reporter-output>
          </reporter-output>
        </test-method> <!-- runScenario -->
        <test-method signature="runScenario(io.cucumber.testng.PickleWrapper,io.cucumber.testng.FeatureWrapper)[pri:0, instance:runner.CucumberRunner@67c27493]" started-at="2025-05-13T03:13:42 IST" name="runScenario" description="Runs Cucumber Scenarios" data-provider="scenarios" finished-at="2025-05-13T03:13:47 IST" duration-ms="5034" status="PASS">
          <params>
            <param index="0">
              <value>
                <![CDATA["User uses a valid code"]]>
              </value>
            </param>
            <param index="1">
              <value>
                <![CDATA["Optional[Promotional Codes]"]]>
              </value>
            </param>
          </params>
          <reporter-output>
          </reporter-output>
        </test-method> <!-- runScenario -->
        <test-method signature="runScenario(io.cucumber.testng.PickleWrapper,io.cucumber.testng.FeatureWrapper)[pri:0, instance:runner.CucumberRunner@67c27493]" started-at="2025-05-13T03:13:47 IST" name="runScenario" description="Runs Cucumber Scenarios" data-provider="scenarios" finished-at="2025-05-13T03:13:53 IST" duration-ms="5734" status="PASS">
          <params>
            <param index="0">
              <value>
                <![CDATA["User uses a valid code"]]>
              </value>
            </param>
            <param index="1">
              <value>
                <![CDATA["Optional[Promotional Codes]"]]>
              </value>
            </param>
          </params>
          <reporter-output>
          </reporter-output>
        </test-method> <!-- runScenario -->
        <test-method signature="runScenario(io.cucumber.testng.PickleWrapper,io.cucumber.testng.FeatureWrapper)[pri:0, instance:runner.CucumberRunner@67c27493]" started-at="2025-05-13T03:13:53 IST" name="runScenario" description="Runs Cucumber Scenarios" data-provider="scenarios" finished-at="2025-05-13T03:13:59 IST" duration-ms="5800" status="PASS">
          <params>
            <param index="0">
              <value>
                <![CDATA["User uses an invalid code"]]>
              </value>
            </param>
            <param index="1">
              <value>
                <![CDATA["Optional[Promotional Codes]"]]>
              </value>
            </param>
          </params>
          <reporter-output>
          </reporter-output>
        </test-method> <!-- runScenario -->
        <test-method signature="runScenario(io.cucumber.testng.PickleWrapper,io.cucumber.testng.FeatureWrapper)[pri:0, instance:runner.CucumberRunner@67c27493]" started-at="2025-05-13T03:13:59 IST" name="runScenario" description="Runs Cucumber Scenarios" data-provider="scenarios" finished-at="2025-05-13T03:14:04 IST" duration-ms="5085" status="PASS">
          <params>
            <param index="0">
              <value>
                <![CDATA["User uses an invalid code"]]>
              </value>
            </param>
            <param index="1">
              <value>
                <![CDATA["Optional[Promotional Codes]"]]>
              </value>
            </param>
          </params>
          <reporter-output>
          </reporter-output>
        </test-method> <!-- runScenario -->
        <test-method signature="runScenario(io.cucumber.testng.PickleWrapper,io.cucumber.testng.FeatureWrapper)[pri:0, instance:runner.CucumberRunner@67c27493]" started-at="2025-05-13T03:14:04 IST" name="runScenario" description="Runs Cucumber Scenarios" data-provider="scenarios" finished-at="2025-05-13T03:14:10 IST" duration-ms="5768" status="PASS">
          <params>
            <param index="0">
              <value>
                <![CDATA["User uses an invalid code"]]>
              </value>
            </param>
            <param index="1">
              <value>
                <![CDATA["Optional[Promotional Codes]"]]>
              </value>
            </param>
          </params>
          <reporter-output>
          </reporter-output>
        </test-method> <!-- runScenario -->
        <test-method signature="runScenario(io.cucumber.testng.PickleWrapper,io.cucumber.testng.FeatureWrapper)[pri:0, instance:runner.CucumberRunner@67c27493]" started-at="2025-05-13T03:14:10 IST" name="runScenario" description="Runs Cucumber Scenarios" data-provider="scenarios" finished-at="2025-05-13T03:14:16 IST" duration-ms="5936" status="PASS">
          <params>
            <param index="0">
              <value>
                <![CDATA["User uses an invalid code"]]>
              </value>
            </param>
            <param index="1">
              <value>
                <![CDATA["Optional[Promotional Codes]"]]>
              </value>
            </param>
          </params>
          <reporter-output>
          </reporter-output>
        </test-method> <!-- runScenario -->
        <test-method signature="runScenario(io.cucumber.testng.PickleWrapper,io.cucumber.testng.FeatureWrapper)[pri:0, instance:runner.CucumberRunner@67c27493]" started-at="2025-05-13T03:14:16 IST" name="runScenario" description="Runs Cucumber Scenarios" data-provider="scenarios" finished-at="2025-05-13T03:14:20 IST" duration-ms="4720" status="PASS">
          <params>
            <param index="0">
              <value>
                <![CDATA["User uses an invalid code"]]>
              </value>
            </param>
            <param index="1">
              <value>
                <![CDATA["Optional[Promotional Codes]"]]>
              </value>
            </param>
          </params>
          <reporter-output>
          </reporter-output>
        </test-method> <!-- runScenario -->
        <test-method is-config="true" signature="tearDownClass()[pri:0, instance:runner.CucumberRunner@67c27493]" started-at="2025-05-13T03:14:20 IST" name="tearDownClass" finished-at="2025-05-13T03:14:23 IST" duration-ms="2848" status="PASS">
          <reporter-output>
          </reporter-output>
        </test-method> <!-- tearDownClass -->
      </class> <!-- runner.CucumberRunner -->
    </test> <!-- Default test -->
  </suite> <!-- Default suite -->
</testng-results>
